[debug] [2023-11-10T13:02:09.750Z] ----------------------------------------------------------------------
[debug] [2023-11-10T13:02:09.754Z] Command:       C:\Program Files\nodejs\node.exe C:\Users\SAMSUNG\AppData\Roaming\npm\node_modules\firebase-tools\lib\bin\firebase.js init hosting
[debug] [2023-11-10T13:02:09.755Z] CLI Version:   12.8.0
[debug] [2023-11-10T13:02:09.756Z] Platform:      win32
[debug] [2023-11-10T13:02:09.756Z] Node Version:  v18.18.0
[debug] [2023-11-10T13:02:09.758Z] Time:          Fri Nov 10 2023 21:02:09 GMT+0800 (Singapore Standard Time)
[debug] [2023-11-10T13:02:09.759Z] ----------------------------------------------------------------------
[debug] 
[debug] [2023-11-10T13:02:09.764Z] >>> [apiv2][query] GET https://firebase-public.firebaseio.com/cli.json [none]
[debug] [2023-11-10T13:02:09.989Z] > command requires scopes: ["email","openid","https://www.googleapis.com/auth/cloudplatformprojects.readonly","https://www.googleapis.com/auth/firebase","https://www.googleapis.com/auth/cloud-platform"]
[debug] [2023-11-10T13:02:09.989Z] > authorizing via signed-in user (johnejpalen13@gmail.com)
[info] 
     ######## #### ########  ######## ########     ###     ######  ########
     ##        ##  ##     ## ##       ##     ##  ##   ##  ##       ##
     ######    ##  ########  ######   ########  #########  ######  ######
     ##        ##  ##    ##  ##       ##     ## ##     ##       ## ##
     ##       #### ##     ## ######## ########  ##     ##  ######  ########

You're about to initialize a Firebase project in this directory:

  C:\Users\SAMSUNG\Documents\projects\famterz-website

Before we get started, keep in mind:

  * You are initializing within an existing Firebase project directory

[debug] [2023-11-10T13:02:10.420Z] <<< [apiv2][status] GET https://firebase-public.firebaseio.com/cli.json 200
[debug] [2023-11-10T13:02:10.420Z] <<< [apiv2][body] GET https://firebase-public.firebaseio.com/cli.json {"cloudBuildErrorAfter":1594252800000,"cloudBuildWarnAfter":1590019200000,"defaultNode10After":1594252800000,"minVersion":"3.0.5","node8DeploysDisabledAfter":1613390400000,"node8RuntimeDisabledAfter":1615809600000,"node8WarnAfter":1600128000000}
